<?xml version="1.0" encoding="utf-8"?><testsuites name="pytest tests"><testsuite name="pytest" errors="0" failures="0" skipped="0" tests="29" time="2.509" timestamp="2025-10-06T13:29:12.222282-03:00" hostname="DESKTOP-G8DPGOL"><testcase classname="tests.test_client" name="test_lcuclient_start_successful_connection_and_events" time="0.120" /><testcase classname="tests.test_client" name="test_subscribe_sends_valid_message" time="0.006" /><testcase classname="tests.test_client" name="test_subscribe_without_ws" time="0.003" /><testcase classname="tests.test_client" name="test_lcuclient_start_disconnect_cleanup" time="0.011" /><testcase classname="tests.test_client" name="test_lcuclient_ssl_context_file_not_found" time="0.002" /><testcase classname="tests.test_client" name="test_lcuconnection_get_league_path_lookup_error" time="0.001" /><testcase classname="tests.test_client" name="test_lcuconnection_get_lockfile_path_file_not_found" time="0.009" /><testcase classname="tests.test_client" name="test_lcuconnection_parse_lockfile_value_error_malformed_content" time="0.006" /><testcase classname="tests.test_client" name="test_client_start_attribute_error_no_on_message" time="0.002" /><testcase classname="tests.test_client" name="test_ssl_context" time="0.003" /><testcase classname="tests.test_client" name="test_lcuconnection_post_init_successful_initialization" time="0.003" /><testcase classname="tests.test_client" name="test_lcuconnection_get_league_path_success" time="0.003" /><testcase classname="tests.test_client" name="test_lcuconnection_parse_lockfile_success" time="0.008" /><testcase classname="tests.test_client" name="test_lcuconnection_parse_lockfile_content_is_none" time="0.005" /><testcase classname="tests.test_client" name="test_lcuconnection_get_lockfile_path_success" time="0.008" /><testcase classname="tests.test_nexuskit" name="test_on_connect_subscribes_to_lobby" time="0.012" /><testcase classname="tests.test_nexuskit" name="test_on_message_prints_data_on_valid_event" time="0.010" /><testcase classname="tests.test_nexuskit" name="test_on_message_does_not_print_without_data_key" time="0.006" /><testcase classname="tests.test_nexuskit" name="test_on_message_handles_json_decode_error" time="0.005" /><testcase classname="tests.test_nexuskit" name="test_on_message_does_not_print_on_non_list_event" time="0.006" /><testcase classname="tests.test_nexuskit" name="test_on_message_does_not_print_on_short_list_event" time="0.006" /><testcase classname="tests.test_nexuskit" name="test_on_message_does_not_print_on_non_dict_third_element" time="0.005" /><testcase classname="tests.test_nexuskit" name="test_main_successful_execution_exits_zero" time="0.009" /><testcase classname="tests.test_nexuskit" name="test_main_handles_attribute_error_exits_zero" time="0.008" /><testcase classname="tests.test_nexuskit" name="test_main_handles_keyboard_interrupt_exits_zero" time="0.007" /><testcase classname="tests.test_nexuskit" name="test_main_handles_cancelled_error_exits_zero" time="0.008" /><testcase classname="tests.test_nexuskit" name="test_main_handles_generic_exception_exits_one" time="0.010" /><testcase classname="tests.test_scraper" name="test_get_item_sets" time="0.726" /><testcase classname="tests.test_scraper" name="test_get_html" time="0.710" /></testsuite></testsuites>